<?xml version="1.0" encoding="UTF-8"?>
<!-- Generated by org.testng.reporters.JUnitReportReporter -->
<testsuite skipped="0" hostname="DESKTOP-3R73L8V" name="datadriventesting.DataDrivenTest" tests="4" failures="0" timestamp="2020-11-21T16:58:20 IST" time="18.032" errors="0">
  <testcase name="loginTest" time="13.221" classname="datadriventesting.DataDrivenTest"/>
  <system-out/>
  <testcase name="loginTest" time="1.568" classname="datadriventesting.DataDrivenTest"/>
  <system-out/>
  <testcase name="loginTest" time="1.609" classname="datadriventesting.DataDrivenTest"/>
  <system-out/>
  <testcase name="loginTest" time="1.634" classname="datadriventesting.DataDrivenTest"/>
  <system-out/>
</testsuite> <!-- datadriventesting.DataDrivenTest -->
